0 info it worked if it ends with ok
1 verbose cli [ '/usr/local/bin/node', '/usr/local/bin/npm', 'start' ]
2 info using npm@4.0.5
3 info using node@v4.6.0
4 verbose run-script [ 'prestart', 'start', 'poststart' ]
5 info lifecycle siliconunited@0.0.1~prestart: siliconunited@0.0.1
6 silly lifecycle siliconunited@0.0.1~prestart: no script for prestart, continuing
7 info lifecycle siliconunited@0.0.1~start: siliconunited@0.0.1
8 verbose lifecycle siliconunited@0.0.1~start: unsafe-perm in lifecycle true
9 verbose lifecycle siliconunited@0.0.1~start: PATH: /usr/local/lib/node_modules/npm/bin/node-gyp-bin:/Users/robsawyer/Sites/siliconunited/su-launch/node_modules/.bin:/usr/local/lib/python2.7/site-packages:/Users/robsawyer/Sites/caffe/python::/usr/local/lib/python2.7/site-packages/numpy/core/include/::/usr/local/sbin:/usr/sbin::/usr/local/heroku/bin:/usr/local/bin:/Users/robsawyer/.rvm/gems/ruby-2.1.0/bin:/Users/robsawyer/.rvm/gems/ruby-2.1.0@global/bin:/Users/robsawyer/.rvm/rubies/ruby-2.1.0/bin:/usr/local/bin:/usr/bin:/bin:/usr/sbin:/sbin:/opt/X11/bin:/usr/local/CrossPack-AVR/bin:/usr/local/bin:/usr/bin:/bin:/usr/sbin:/sbin:/opt/X11/bin:/usr/local/CrossPack-AVR/bin:/Users/robsawyer/.rvm/bin:/usr/local/opt/android-sdk:/usr/local/opt/android-sdk/24.4.1/build-tools/23.0.2:/usr/local/opt/android-sdk/24.4.1/tools:
10 verbose lifecycle siliconunited@0.0.1~start: CWD: /Users/robsawyer/Sites/siliconunited/su-launch
11 silly lifecycle siliconunited@0.0.1~start: Args: [ '-c', 'node ./bin/www' ]
12 silly lifecycle siliconunited@0.0.1~start: Returned: code: 1  signal: null
13 info lifecycle siliconunited@0.0.1~start: Failed to exec start script
14 verbose stack Error: siliconunited@0.0.1 start: `node ./bin/www`
14 verbose stack Exit status 1
14 verbose stack     at EventEmitter.<anonymous> (/usr/local/lib/node_modules/npm/lib/utils/lifecycle.js:279:16)
14 verbose stack     at emitTwo (events.js:87:13)
14 verbose stack     at EventEmitter.emit (events.js:172:7)
14 verbose stack     at ChildProcess.<anonymous> (/usr/local/lib/node_modules/npm/lib/utils/spawn.js:40:14)
14 verbose stack     at emitTwo (events.js:87:13)
14 verbose stack     at ChildProcess.emit (events.js:172:7)
14 verbose stack     at maybeClose (internal/child_process.js:829:16)
14 verbose stack     at Process.ChildProcess._handle.onexit (internal/child_process.js:211:5)
15 verbose pkgid siliconunited@0.0.1
16 verbose cwd /Users/robsawyer/Sites/siliconunited/su-launch
17 error Darwin 16.4.0
18 error argv "/usr/local/bin/node" "/usr/local/bin/npm" "start"
19 error node v4.6.0
20 error npm  v4.0.5
21 error code ELIFECYCLE
22 error siliconunited@0.0.1 start: `node ./bin/www`
22 error Exit status 1
23 error Failed at the siliconunited@0.0.1 start script 'node ./bin/www'.
23 error Make sure you have the latest version of node.js and npm installed.
23 error If you do, this is most likely a problem with the siliconunited package,
23 error not with npm itself.
23 error Tell the author that this fails on your system:
23 error     node ./bin/www
23 error You can get information on how to open an issue for this project with:
23 error     npm bugs siliconunited
23 error Or if that isn't available, you can get their info via:
23 error     npm owner ls siliconunited
23 error There is likely additional logging output above.
24 verbose exit [ 1, true ]
